b'UnityAction_2_Invoke_m48C7E1605ABBE756B16A918A8340FE61D2C2A29B_gshared at Generics125.cpp:?\r\n'
b'UnityEvent_2_Invoke_mD905BCAB5C22629BF8F3B7CF869C02E3C31ED4F4_gshared at Generics125.cpp:25370\r\n'
b'EventTriggerListener_OnPointerUp_mF04366F919AD0FDCA18E49BF8F7939626E143035 at Framework9.cpp:25431\r\n'
b'EventFunction_1_Invoke_m7899B7663B08CD474B8FADD9D85FF446CD839FE6_gshared at Generics125.cpp:?\r\n'
b'ExecuteEvents_Execute_TisRuntimeObject_mDA4CD02F963B6939F8D079993DC2DCD75AB524DD_gshared at GenericMethods4.cpp:32221\r\n'
b'ExecuteEvents_ExecuteHierarchy_TisRuntimeObject_mB2DEEAF3F86ED5BECA570432FD5440948D5CB3B8_gshared at GenericMethods31.cpp:33072\r\n'
b'UnityAction_2_Invoke_m48C7E1605ABBE756B16A918A8340FE61D2C2A29B_gshared at Generics125.cpp:?\r\n'
b'UnityEvent_2_Invoke_mD905BCAB5C22629BF8F3B7CF869C02E3C31ED4F4_gshared at Generics125.cpp:25370\r\n'
b'EventTriggerListener_OnPointerUp_mF04366F919AD0FDCA18E49BF8F7939626E143035 at Framework9.cpp:25431\r\n'
b'EventFunction_1_Invoke_m7899B7663B08CD474B8FADD9D85FF446CD839FE6_gshared at Generics125.cpp:?\r\n'
b'ExecuteEvents_Execute_TisRuntimeObject_mDA4CD02F963B6939F8D079993DC2DCD75AB524DD_gshared at GenericMethods4.cpp:32221\r\n'
b'ExecuteEvents_ExecuteHierarchy_TisRuntimeObject_mB2DEEAF3F86ED5BECA570432FD5440948D5CB3B8_gshared at GenericMethods31.cpp:33072\r\n'
b'UnityAction_2_Invoke_m48C7E1605ABBE756B16A918A8340FE61D2C2A29B_gshared at Generics125.cpp:?\r\n'
b'UnityEvent_2_Invoke_mD905BCAB5C22629BF8F3B7CF869C02E3C31ED4F4_gshared at Generics125.cpp:25370\r\n'
b'EventTriggerListener_OnPointerUp_mF04366F919AD0FDCA18E49BF8F7939626E143035 at Framework9.cpp:25431\r\n'
b'EventFunction_1_Invoke_m7899B7663B08CD474B8FADD9D85FF446CD839FE6_gshared at Generics125.cpp:?\r\n'
b'ExecuteEvents_Execute_TisRuntimeObject_mDA4CD02F963B6939F8D079993DC2DCD75AB524DD_gshared at GenericMethods4.cpp:32221\r\n'
b'ExecuteEvents_ExecuteHierarchy_TisRuntimeObject_mB2DEEAF3F86ED5BECA570432FD5440948D5CB3B8_gshared at GenericMethods31.cpp:33072\r\n'
b'UnityAction_2_Invoke_m48C7E1605ABBE756B16A918A8340FE61D2C2A29B_gshared at Generics125.cpp:?\r\n'
b'UnityEvent_2_Invoke_mD905BCAB5C22629BF8F3B7CF869C02E3C31ED4F4_gshared at Generics125.cpp:25370\r\n'
b'EventTriggerListener_OnPointerUp_mF04366F919AD0FDCA18E49BF8F7939626E143035 at Framework9.cpp:25431\r\n'
b'EventFunction_1_Invoke_m7899B7663B08CD474B8FADD9D85FF446CD839FE6_gshared at Generics125.cpp:?\r\n'
b'ExecuteEvents_Execute_TisRuntimeObject_mDA4CD02F963B6939F8D079993DC2DCD75AB524DD_gshared at GenericMethods4.cpp:32221\r\n'
b'ExecuteEvents_ExecuteHierarchy_TisRuntimeObject_mB2DEEAF3F86ED5BECA570432FD5440948D5CB3B8_gshared at GenericMethods31.cpp:33072\r\n'
b'UnityAction_2_Invoke_m48C7E1605ABBE756B16A918A8340FE61D2C2A29B_gshared at Generics125.cpp:?\r\n'
b'UnityEvent_2_Invoke_mD905BCAB5C22629BF8F3B7CF869C02E3C31ED4F4_gshared at Generics125.cpp:25370\r\n'
b'EventTriggerListener_OnPointerUp_mF04366F919AD0FDCA18E49BF8F7939626E143035 at Framework9.cpp:25431\r\n'
b'EventFunction_1_Invoke_m7899B7663B08CD474B8FADD9D85FF446CD839FE6_gshared at Generics125.cpp:?\r\n'
b'ExecuteEvents_Execute_TisRuntimeObject_mDA4CD02F963B6939F8D079993DC2DCD75AB524DD_gshared at GenericMethods4.cpp:32221\r\n'
b'ExecuteEvents_ExecuteHierarchy_TisRuntimeObject_mB2DEEAF3F86ED5BECA570432FD5440948D5CB3B8_gshared at GenericMethods31.cpp:33072\r\n'
b'UnityAction_2_Invoke_m48C7E1605ABBE756B16A918A8340FE61D2C2A29B_gshared at Generics125.cpp:?\r\n'
b'UnityEvent_2_Invoke_mD905BCAB5C22629BF8F3B7CF869C02E3C31ED4F4_gshared at Generics125.cpp:25370\r\n'
b'EventTriggerListener_OnPointerUp_mF04366F919AD0FDCA18E49BF8F7939626E143035 at Framework9.cpp:25431\r\n'
b'EventFunction_1_Invoke_m7899B7663B08CD474B8FADD9D85FF446CD839FE6_gshared at Generics125.cpp:?\r\n'
b'ExecuteEvents_Execute_TisRuntimeObject_mDA4CD02F963B6939F8D079993DC2DCD75AB524DD_gshared at GenericMethods4.cpp:32221\r\n'
b'ExecuteEvents_ExecuteHierarchy_TisRuntimeObject_mB2DEEAF3F86ED5BECA570432FD5440948D5CB3B8_gshared at GenericMethods31.cpp:33072\r\n'
b'UnityAction_2_Invoke_m48C7E1605ABBE756B16A918A8340FE61D2C2A29B_gshared at Generics125.cpp:?\r\n'
b'UnityEvent_2_Invoke_mD905BCAB5C22629BF8F3B7CF869C02E3C31ED4F4_gshared at Generics125.cpp:25370\r\n'
b'EventTriggerListener_OnPointerUp_mF04366F919AD0FDCA18E49BF8F7939626E143035 at Framework9.cpp:25431\r\n'
b'EventFunction_1_Invoke_m7899B7663B08CD474B8FADD9D85FF446CD839FE6_gshared at Generics125.cpp:?\r\n'
b'ExecuteEvents_Execute_TisRuntimeObject_mDA4CD02F963B6939F8D079993DC2DCD75AB524DD_gshared at GenericMethods4.cpp:32221\r\n'
b'ExecuteEvents_ExecuteHierarchy_TisRuntimeObject_mB2DEEAF3F86ED5BECA570432FD5440948D5CB3B8_gshared at GenericMethods31.cpp:33072\r\n'
b'UnityAction_2_Invoke_m48C7E1605ABBE756B16A918A8340FE61D2C2A29B_gshared at Generics125.cpp:?\r\n'
b'UnityEvent_2_Invoke_mD905BCAB5C22629BF8F3B7CF869C02E3C31ED4F4_gshared at Generics125.cpp:25370\r\n'
b'EventTriggerListener_OnPointerUp_mF04366F919AD0FDCA18E49BF8F7939626E143035 at Framework9.cpp:25431\r\n'
b'EventFunction_1_Invoke_m7899B7663B08CD474B8FADD9D85FF446CD839FE6_gshared at Generics125.cpp:?\r\n'
b'ExecuteEvents_Execute_TisRuntimeObject_mDA4CD02F963B6939F8D079993DC2DCD75AB524DD_gshared at GenericMethods4.cpp:32221\r\n'
b'ExecuteEvents_ExecuteHierarchy_TisRuntimeObject_mB2DEEAF3F86ED5BECA570432FD5440948D5CB3B8_gshared at GenericMethods31.cpp:33072\r\n'
b'UnityAction_2_Invoke_m48C7E1605ABBE756B16A918A8340FE61D2C2A29B_gshared at Generics125.cpp:?\r\n'
b'UnityEvent_2_Invoke_mD905BCAB5C22629BF8F3B7CF869C02E3C31ED4F4_gshared at Generics125.cpp:25370\r\n'
b'EventTriggerListener_OnPointerUp_mF04366F919AD0FDCA18E49BF8F7939626E143035 at Framework9.cpp:25431\r\n'
b'EventFunction_1_Invoke_m7899B7663B08CD474B8FADD9D85FF446CD839FE6_gshared at Generics125.cpp:?\r\n'
b'ExecuteEvents_Execute_TisRuntimeObject_mDA4CD02F963B6939F8D079993DC2DCD75AB524DD_gshared at GenericMethods4.cpp:32221\r\n'
b'ExecuteEvents_ExecuteHierarchy_TisRuntimeObject_mB2DEEAF3F86ED5BECA570432FD5440948D5CB3B8_gshared at GenericMethods31.cpp:33072\r\n'
b'UnityAction_2_Invoke_m48C7E1605ABBE756B16A918A8340FE61D2C2A29B_gshared at Generics125.cpp:?\r\n'
b'UnityEvent_2_Invoke_mD905BCAB5C22629BF8F3B7CF869C02E3C31ED4F4_gshared at Generics125.cpp:25370\r\n'
b'EventTriggerListener_OnPointerUp_mF04366F919AD0FDCA18E49BF8F7939626E143035 at Framework9.cpp:25431\r\n'
b'EventFunction_1_Invoke_m7899B7663B08CD474B8FADD9D85FF446CD839FE6_gshared at Generics125.cpp:?\r\n'
b'ExecuteEvents_Execute_TisRuntimeObject_mDA4CD02F963B6939F8D079993DC2DCD75AB524DD_gshared at GenericMethods4.cpp:32221\r\n'
b'ExecuteEvents_ExecuteHierarchy_TisRuntimeObject_mB2DEEAF3F86ED5BECA570432FD5440948D5CB3B8_gshared at GenericMethods31.cpp:33072\r\n'
b'UnityAction_2_Invoke_m48C7E1605ABBE756B16A918A8340FE61D2C2A29B_gshared at Generics125.cpp:?\r\n'
b'UnityEvent_2_Invoke_mD905BCAB5C22629BF8F3B7CF869C02E3C31ED4F4_gshared at Generics125.cpp:25370\r\n'
b'EventTriggerListener_OnPointerUp_mF04366F919AD0FDCA18E49BF8F7939626E143035 at Framework9.cpp:25431\r\n'
b'EventFunction_1_Invoke_m7899B7663B08CD474B8FADD9D85FF446CD839FE6_gshared at Generics125.cpp:?\r\n'
b'ExecuteEvents_Execute_TisRuntimeObject_mDA4CD02F963B6939F8D079993DC2DCD75AB524DD_gshared at GenericMethods4.cpp:32221\r\n'
b'ExecuteEvents_ExecuteHierarchy_TisRuntimeObject_mB2DEEAF3F86ED5BECA570432FD5440948D5CB3B8_gshared at GenericMethods31.cpp:33072\r\n'
