b'Java_com_google_androidgamesdk_SwappyDisplayManager_nOnRefreshRateChanged at ??:?\r\n'
b'Java_com_google_androidgamesdk_SwappyDisplayManager_nOnRefreshRateChanged at ??:?\r\n'
b'Java_com_google_androidgamesdk_SwappyDisplayManager_nOnRefreshRateChanged at ??:?\r\n'
b'Java_com_google_androidgamesdk_SwappyDisplayManager_nOnRefreshRateChanged at ??:?\r\n'
b'Java_com_google_androidgamesdk_SwappyDisplayManager_nOnRefreshRateChanged at ??:?\r\n'
b'Java_com_google_androidgamesdk_SwappyDisplayManager_nOnRefreshRateChanged at ??:?\r\n'
b'Java_com_google_androidgamesdk_SwappyDisplayManager_nOnRefreshRateChanged at ??:?\r\n'
b'Java_com_google_androidgamesdk_SwappyDisplayManager_nOnRefreshRateChanged at ??:?\r\n'
b'UnitySendMessage at ??:?\r\n'
b'UnitySendMessage at ??:?\r\n'
b'JNI_OnUnload at ??:?\r\n'
b'Mesh_PrintErrorCantAccessChannel_m2E8A25959739B006557A94F7E460E8BE0B3ABB19 at UnityEngine.CoreModule1.cpp:?\r\n'
b'EmptyInternalEnumerator_1_get_Current_m3A0A9D335A01F821221FCEDA208354C993F4E65E_gshared at Generics19.cpp:25880\r\n'
b'Array_InternalArray__IReadOnlyList_get_Item_TisChar_tBF22D9FC341BE970735250BB6FF1A4A92BBA58B9_m8A9BCF051C369596DC54FFC5AF2E53311B3085AC_gshared at GenericMethods27.cpp:?\r\n'
b'SkeletonRenderer_NewSpineGameObject_TisRuntimeObject_m64C738B1482320FCCA868113EE9F2335785355D0_gshared at GenericMethods27.cpp:52030\r\n'
b'BattleLogHandlers_T2TSkill_m13C76726EC4762697C726F9E81E0A8740C8A3E01 at Assembly-CSharp64.cpp:54257\r\n'
b'Path_GetTempPath_mB9E452F1EBE2AC39C5F1CFAAC632C6367FE40E4D at mscorlib9.cpp:17625\r\n'
b'NullCheck(void*) at il2cpp-codegen-il2cpp.h:226\r\n'
b'List_1_InsertRange_m31BC754FAF67E8E3FA6A872F5DA284C649E14BA5_gshared at Generics85.cpp:16755\r\n'
b'Extensions_FindOption_m3F15B419F35E1C616A5D936C443CF74E2BE2CAA7 at T4F.TGS8.cpp:36658\r\n'
b'UIRoleChange_OnCreateRole_m4BC80411FD21ED1D570695973EEAC6E697EA1300 at Assembly-CSharp121.cpp:39603\r\n'
b'il2cpp::vm::ClassInlines::HasParentUnsafe(Il2CppClass const*, Il2CppClass const*) at ClassInlines.h:16\r\n'
b'Path_GetTempPath_mB9E452F1EBE2AC39C5F1CFAAC632C6367FE40E4D at mscorlib9.cpp:17625\r\n'
b'NullCheck(void*) at il2cpp-codegen-il2cpp.h:226\r\n'
b'List_1_InsertRange_m31BC754FAF67E8E3FA6A872F5DA284C649E14BA5_gshared at Generics85.cpp:16755\r\n'
b'Extensions_FindOption_m3F15B419F35E1C616A5D936C443CF74E2BE2CAA7 at T4F.TGS8.cpp:36658\r\n'
b'UIRoleChange_OnCreateRole_m4BC80411FD21ED1D570695973EEAC6E697EA1300 at Assembly-CSharp121.cpp:39603\r\n'
b'il2cpp::vm::ClassInlines::HasParentUnsafe(Il2CppClass const*, Il2CppClass const*) at ClassInlines.h:16\r\n'
b'Path_GetTempPath_mB9E452F1EBE2AC39C5F1CFAAC632C6367FE40E4D at mscorlib9.cpp:17625\r\n'
b'NullCheck(void*) at il2cpp-codegen-il2cpp.h:226\r\n'
b'List_1_InsertRange_m31BC754FAF67E8E3FA6A872F5DA284C649E14BA5_gshared at Generics85.cpp:16755\r\n'
b'Extensions_FindOption_m3F15B419F35E1C616A5D936C443CF74E2BE2CAA7 at T4F.TGS8.cpp:36658\r\n'
b'UIRoleChange_OnCreateRole_m4BC80411FD21ED1D570695973EEAC6E697EA1300 at Assembly-CSharp121.cpp:39603\r\n'
b'il2cpp::vm::ClassInlines::HasParentUnsafe(Il2CppClass const*, Il2CppClass const*) at ClassInlines.h:16\r\n'
b'Path_GetTempPath_mB9E452F1EBE2AC39C5F1CFAAC632C6367FE40E4D at mscorlib9.cpp:17625\r\n'
b'NullCheck(void*) at il2cpp-codegen-il2cpp.h:226\r\n'
b'List_1_InsertRange_m31BC754FAF67E8E3FA6A872F5DA284C649E14BA5_gshared at Generics85.cpp:16755\r\n'
b'Extensions_FindOption_m3F15B419F35E1C616A5D936C443CF74E2BE2CAA7 at T4F.TGS8.cpp:36658\r\n'
b'UIRoleChange_OnCreateRole_m4BC80411FD21ED1D570695973EEAC6E697EA1300 at Assembly-CSharp121.cpp:39603\r\n'
b'il2cpp::vm::ClassInlines::HasParentUnsafe(Il2CppClass const*, Il2CppClass const*) at ClassInlines.h:16\r\n'
b'Path_GetTempPath_mB9E452F1EBE2AC39C5F1CFAAC632C6367FE40E4D at mscorlib9.cpp:17625\r\n'
b'NullCheck(void*) at il2cpp-codegen-il2cpp.h:226\r\n'
b'List_1_InsertRange_m31BC754FAF67E8E3FA6A872F5DA284C649E14BA5_gshared at Generics85.cpp:16755\r\n'
b'Extensions_FindOption_m3F15B419F35E1C616A5D936C443CF74E2BE2CAA7 at T4F.TGS8.cpp:36658\r\n'
b'UIRoleChange_OnCreateRole_m4BC80411FD21ED1D570695973EEAC6E697EA1300 at Assembly-CSharp121.cpp:39603\r\n'
b'il2cpp::vm::ClassInlines::HasParentUnsafe(Il2CppClass const*, Il2CppClass const*) at ClassInlines.h:16\r\n'
b'Path_GetTempPath_mB9E452F1EBE2AC39C5F1CFAAC632C6367FE40E4D at mscorlib9.cpp:17625\r\n'
b'NullCheck(void*) at il2cpp-codegen-il2cpp.h:226\r\n'
b'List_1_InsertRange_m31BC754FAF67E8E3FA6A872F5DA284C649E14BA5_gshared at Generics85.cpp:16755\r\n'
b'Extensions_FindOption_m3F15B419F35E1C616A5D936C443CF74E2BE2CAA7 at T4F.TGS8.cpp:36658\r\n'
b'UIRoleChange_OnCreateRole_m4BC80411FD21ED1D570695973EEAC6E697EA1300 at Assembly-CSharp121.cpp:39603\r\n'
b'il2cpp::vm::ClassInlines::HasParentUnsafe(Il2CppClass const*, Il2CppClass const*) at ClassInlines.h:16\r\n'
b'Path_GetTempPath_mB9E452F1EBE2AC39C5F1CFAAC632C6367FE40E4D at mscorlib9.cpp:17625\r\n'
b'NullCheck(void*) at il2cpp-codegen-il2cpp.h:226\r\n'
b'List_1_InsertRange_m31BC754FAF67E8E3FA6A872F5DA284C649E14BA5_gshared at Generics85.cpp:16755\r\n'
b'Extensions_FindOption_m3F15B419F35E1C616A5D936C443CF74E2BE2CAA7 at T4F.TGS8.cpp:36658\r\n'
b'UIRoleChange_OnCreateRole_m4BC80411FD21ED1D570695973EEAC6E697EA1300 at Assembly-CSharp121.cpp:39603\r\n'
b'il2cpp::vm::ClassInlines::HasParentUnsafe(Il2CppClass const*, Il2CppClass const*) at ClassInlines.h:16\r\n'
b'Path_GetTempPath_mB9E452F1EBE2AC39C5F1CFAAC632C6367FE40E4D at mscorlib9.cpp:17625\r\n'
b'NullCheck(void*) at il2cpp-codegen-il2cpp.h:226\r\n'
b'List_1_InsertRange_m31BC754FAF67E8E3FA6A872F5DA284C649E14BA5_gshared at Generics85.cpp:16755\r\n'
b'Extensions_FindOption_m3F15B419F35E1C616A5D936C443CF74E2BE2CAA7 at T4F.TGS8.cpp:36658\r\n'
b'UIRoleChange_OnCreateRole_m4BC80411FD21ED1D570695973EEAC6E697EA1300 at Assembly-CSharp121.cpp:39603\r\n'
b'il2cpp::vm::ClassInlines::HasParentUnsafe(Il2CppClass const*, Il2CppClass const*) at ClassInlines.h:16\r\n'
b'Path_GetTempPath_mB9E452F1EBE2AC39C5F1CFAAC632C6367FE40E4D at mscorlib9.cpp:17625\r\n'
b'NullCheck(void*) at il2cpp-codegen-il2cpp.h:226\r\n'
b'List_1_InsertRange_m31BC754FAF67E8E3FA6A872F5DA284C649E14BA5_gshared at Generics85.cpp:16755\r\n'
b'Extensions_FindOption_m3F15B419F35E1C616A5D936C443CF74E2BE2CAA7 at T4F.TGS8.cpp:36658\r\n'
b'UIRoleChange_OnCreateRole_m4BC80411FD21ED1D570695973EEAC6E697EA1300 at Assembly-CSharp121.cpp:39603\r\n'
b'il2cpp::vm::ClassInlines::HasParentUnsafe(Il2CppClass const*, Il2CppClass const*) at ClassInlines.h:16\r\n'
b'Path_GetTempPath_mB9E452F1EBE2AC39C5F1CFAAC632C6367FE40E4D at mscorlib9.cpp:17625\r\n'
b'NullCheck(void*) at il2cpp-codegen-il2cpp.h:226\r\n'
b'List_1_InsertRange_m31BC754FAF67E8E3FA6A872F5DA284C649E14BA5_gshared at Generics85.cpp:16755\r\n'
b'Extensions_FindOption_m3F15B419F35E1C616A5D936C443CF74E2BE2CAA7 at T4F.TGS8.cpp:36658\r\n'
b'UIRoleChange_OnCreateRole_m4BC80411FD21ED1D570695973EEAC6E697EA1300 at Assembly-CSharp121.cpp:39603\r\n'
b'il2cpp::vm::ClassInlines::HasParentUnsafe(Il2CppClass const*, Il2CppClass const*) at ClassInlines.h:16\r\n'
b'Path_GetTempPath_mB9E452F1EBE2AC39C5F1CFAAC632C6367FE40E4D at mscorlib9.cpp:17625\r\n'
b'NullCheck(void*) at il2cpp-codegen-il2cpp.h:226\r\n'
b'List_1_InsertRange_m31BC754FAF67E8E3FA6A872F5DA284C649E14BA5_gshared at Generics85.cpp:16755\r\n'
b'Extensions_FindOption_m3F15B419F35E1C616A5D936C443CF74E2BE2CAA7 at T4F.TGS8.cpp:36658\r\n'
b'UIRoleChange_OnCreateRole_m4BC80411FD21ED1D570695973EEAC6E697EA1300 at Assembly-CSharp121.cpp:39603\r\n'
b'il2cpp::vm::ClassInlines::HasParentUnsafe(Il2CppClass const*, Il2CppClass const*) at ClassInlines.h:16\r\n'
b'Path_GetTempPath_mB9E452F1EBE2AC39C5F1CFAAC632C6367FE40E4D at mscorlib9.cpp:17625\r\n'
b'NullCheck(void*) at il2cpp-codegen-il2cpp.h:226\r\n'
b'List_1_InsertRange_m31BC754FAF67E8E3FA6A872F5DA284C649E14BA5_gshared at Generics85.cpp:16755\r\n'
b'Extensions_FindOption_m3F15B419F35E1C616A5D936C443CF74E2BE2CAA7 at T4F.TGS8.cpp:36658\r\n'
b'UIRoleChange_OnCreateRole_m4BC80411FD21ED1D570695973EEAC6E697EA1300 at Assembly-CSharp121.cpp:39603\r\n'
b'il2cpp::vm::ClassInlines::HasParentUnsafe(Il2CppClass const*, Il2CppClass const*) at ClassInlines.h:16\r\n'
b'Path_GetTempPath_mB9E452F1EBE2AC39C5F1CFAAC632C6367FE40E4D at mscorlib9.cpp:17625\r\n'
b'NullCheck(void*) at il2cpp-codegen-il2cpp.h:226\r\n'
b'List_1_InsertRange_m31BC754FAF67E8E3FA6A872F5DA284C649E14BA5_gshared at Generics85.cpp:16755\r\n'
b'Extensions_FindOption_m3F15B419F35E1C616A5D936C443CF74E2BE2CAA7 at T4F.TGS8.cpp:36658\r\n'
b'UIRoleChange_OnCreateRole_m4BC80411FD21ED1D570695973EEAC6E697EA1300 at Assembly-CSharp121.cpp:39603\r\n'
b'il2cpp::vm::ClassInlines::HasParentUnsafe(Il2CppClass const*, Il2CppClass const*) at ClassInlines.h:16\r\n'
b'Path_GetTempPath_mB9E452F1EBE2AC39C5F1CFAAC632C6367FE40E4D at mscorlib9.cpp:17625\r\n'
b'NullCheck(void*) at il2cpp-codegen-il2cpp.h:226\r\n'
b'List_1_InsertRange_m31BC754FAF67E8E3FA6A872F5DA284C649E14BA5_gshared at Generics85.cpp:16755\r\n'
b'Extensions_FindOption_m3F15B419F35E1C616A5D936C443CF74E2BE2CAA7 at T4F.TGS8.cpp:36658\r\n'
b'UIRoleChange_OnCreateRole_m4BC80411FD21ED1D570695973EEAC6E697EA1300 at Assembly-CSharp121.cpp:39603\r\n'
b'il2cpp::vm::ClassInlines::HasParentUnsafe(Il2CppClass const*, Il2CppClass const*) at ClassInlines.h:16\r\n'
